[Bootstrap]
SetupTitle=Install
SetupText=Copying Files, please stand by.
CabFile=Wordlink.CAB
Spawn=Setup1.exe
Uninstal=st6unst.exe
TmpDir=msftqws.pdw
Cabs=1

[Bootstrap Files]
File1=@VB6STKIT.DLL,$(WinSysPathSysFile),,,7/15/00 12:00:00 AM,101888,6.0.84.50
File2=@COMCAT.DLL,$(WinSysPathSysFile),$(DLLSelfRegister),,5/30/98 11:00:00 PM,22288,4.71.1460.1
File3=@STDOLE2.TLB,$(WinSysPathSysFile),$(TLBRegister),,6/3/99 12:00:00 AM,17920,2.40.4275.1
File4=@ASYCFILT.DLL,$(WinSysPathSysFile),,,3/8/99 12:00:00 AM,147728,2.40.4275.1
File5=@OLEPRO32.DLL,$(WinSysPathSysFile),$(DLLSelfRegister),,3/8/99 12:00:00 AM,164112,5.0.4275.1
File6=@OLEAUT32.DLL,$(WinSysPathSysFile),$(DLLSelfRegister),,4/12/00 12:00:00 AM,598288,2.40.4275.1
File7=@msvbvm60.dll,$(WinSysPathSysFile),$(DLLSelfRegister),,8/21/00 12:00:00 AM,1388544,6.0.89.64

[IconGroups]
Group0=TopForm
PrivateGroup0=-1
Parent0=$(Programs)

[TopForm]
Icon1="Wordlink.exe"
Title1=WordLink
StartIn1=$(ProgramFiles)\TopForm\WordLink

[Setup]
Title=Wordlink
DefaultDir=$(ProgramFiles)\TopForm\WordLink
AppExe=Wordlink.exe
AppToUninstall=Wordlink.exe

[Setup1 Files]
File1=@Wordlink.exe,$(ProgramFiles)\TopForm\WordLink,,,12/13/01 11:55:09 AM,135168,2.0.0.1

